00:28:09.505 [main] INFO  c.a.n.c.e.SearchableProperties - [sortPropertySourceDefaultOrder,197] - properties search order:PROPERTIES->JVM->ENV->DEFAULT_SETTING
00:28:09.561 [background-preinit] INFO  o.h.v.i.util.Version - [<clinit>,21] - HV000001: Hibernate Validator 6.2.5.Final
00:28:10.174 [main] INFO  c.a.n.p.a.s.c.ClientAuthPluginManager - [init,56] - [ClientAuthPluginManager] Load ClientAuthService com.alibaba.nacos.client.auth.impl.NacosClientAuthServiceImpl success.
00:28:10.175 [main] INFO  c.a.n.p.a.s.c.ClientAuthPluginManager - [init,56] - [ClientAuthPluginManager] Load ClientAuthService com.alibaba.nacos.client.auth.ram.RamClientAuthServiceImpl success.
00:28:11.036 [main] INFO  c.r.a.RuoYiAuthApplication - [logStartupProfileInfo,638] - The following 1 profile is active: "dev"
00:28:13.006 [main] INFO  o.a.c.h.Http11NioProtocol - [log,173] - Initializing ProtocolHandler ["http-nio-9200"]
00:28:13.009 [main] INFO  o.a.c.c.StandardService - [log,173] - Starting service [Tomcat]
00:28:13.009 [main] INFO  o.a.c.c.StandardEngine - [log,173] - Starting Servlet engine: [Apache Tomcat/9.0.96]
00:28:13.114 [main] INFO  o.a.c.c.C.[.[.[/] - [log,173] - Initializing Spring embedded WebApplicationContext
00:28:14.080 [main] INFO  c.a.c.s.SentinelWebMvcConfigurer - [addInterceptors,52] - [Sentinel Starter] register SentinelWebInterceptor with urlPatterns: [/**].
00:28:14.958 [main] INFO  o.a.c.h.Http11NioProtocol - [log,173] - Starting ProtocolHandler ["http-nio-9200"]
00:28:14.979 [main] INFO  c.a.n.p.a.s.c.ClientAuthPluginManager - [init,56] - [ClientAuthPluginManager] Load ClientAuthService com.alibaba.nacos.client.auth.impl.NacosClientAuthServiceImpl success.
00:28:14.979 [main] INFO  c.a.n.p.a.s.c.ClientAuthPluginManager - [init,56] - [ClientAuthPluginManager] Load ClientAuthService com.alibaba.nacos.client.auth.ram.RamClientAuthServiceImpl success.
00:28:15.114 [main] INFO  c.a.c.n.r.NacosServiceRegistry - [register,76] - nacos registry, DEFAULT_GROUP ruoyi-auth 172.20.10.9:9200 register finished
00:28:15.135 [main] INFO  c.r.a.RuoYiAuthApplication - [logStarted,61] - Started RuoYiAuthApplication in 6.12 seconds (JVM running for 12.004)
00:28:15.152 [main] INFO  c.a.c.n.r.NacosContextRefresher - [registerNacosListener,141] - [Nacos Config] Listening config: dataId=ruoyi-auth.yml, group=DEFAULT_GROUP
00:28:15.154 [main] INFO  c.a.c.n.r.NacosContextRefresher - [registerNacosListener,141] - [Nacos Config] Listening config: dataId=ruoyi-auth-dev.yml, group=DEFAULT_GROUP
00:28:15.155 [main] INFO  c.a.c.n.r.NacosContextRefresher - [registerNacosListener,141] - [Nacos Config] Listening config: dataId=ruoyi-auth, group=DEFAULT_GROUP
00:28:48.026 [http-nio-9200-exec-1] INFO  o.a.c.c.C.[.[.[/] - [log,173] - Initializing Spring DispatcherServlet 'dispatcherServlet'
00:32:06.567 [SpringApplicationShutdownHook] INFO  c.a.c.n.r.NacosServiceRegistry - [deregister,95] - De-registering from Nacos Server now...
00:32:06.573 [SpringApplicationShutdownHook] INFO  c.a.c.n.r.NacosServiceRegistry - [deregister,115] - De-registration finished.
10:11:00.368 [main] INFO  c.a.n.c.e.SearchableProperties - [sortPropertySourceDefaultOrder,197] - properties search order:PROPERTIES->JVM->ENV->DEFAULT_SETTING
10:11:00.441 [background-preinit] INFO  o.h.v.i.util.Version - [<clinit>,21] - HV000001: Hibernate Validator 6.2.5.Final
10:11:01.127 [main] INFO  c.a.n.p.a.s.c.ClientAuthPluginManager - [init,56] - [ClientAuthPluginManager] Load ClientAuthService com.alibaba.nacos.client.auth.impl.NacosClientAuthServiceImpl success.
10:11:01.128 [main] INFO  c.a.n.p.a.s.c.ClientAuthPluginManager - [init,56] - [ClientAuthPluginManager] Load ClientAuthService com.alibaba.nacos.client.auth.ram.RamClientAuthServiceImpl success.
10:11:02.362 [main] INFO  c.r.a.RuoYiAuthApplication - [logStartupProfileInfo,638] - The following 1 profile is active: "dev"
10:11:05.070 [main] INFO  o.a.c.h.Http11NioProtocol - [log,173] - Initializing ProtocolHandler ["http-nio-9200"]
10:11:05.074 [main] INFO  o.a.c.c.StandardService - [log,173] - Starting service [Tomcat]
10:11:05.074 [main] INFO  o.a.c.c.StandardEngine - [log,173] - Starting Servlet engine: [Apache Tomcat/9.0.96]
10:11:05.248 [main] INFO  o.a.c.c.C.[.[.[/] - [log,173] - Initializing Spring embedded WebApplicationContext
10:11:06.699 [main] INFO  c.a.c.s.SentinelWebMvcConfigurer - [addInterceptors,52] - [Sentinel Starter] register SentinelWebInterceptor with urlPatterns: [/**].
10:11:07.934 [main] INFO  o.a.c.h.Http11NioProtocol - [log,173] - Starting ProtocolHandler ["http-nio-9200"]
10:11:07.981 [main] INFO  c.a.n.p.a.s.c.ClientAuthPluginManager - [init,56] - [ClientAuthPluginManager] Load ClientAuthService com.alibaba.nacos.client.auth.impl.NacosClientAuthServiceImpl success.
10:11:07.981 [main] INFO  c.a.n.p.a.s.c.ClientAuthPluginManager - [init,56] - [ClientAuthPluginManager] Load ClientAuthService com.alibaba.nacos.client.auth.ram.RamClientAuthServiceImpl success.
10:11:08.152 [main] INFO  c.a.c.n.r.NacosServiceRegistry - [register,76] - nacos registry, DEFAULT_GROUP ruoyi-auth 192.168.1.196:9200 register finished
10:11:08.185 [main] INFO  c.r.a.RuoYiAuthApplication - [logStarted,61] - Started RuoYiAuthApplication in 8.399 seconds (JVM running for 14.713)
10:11:08.222 [main] INFO  c.a.c.n.r.NacosContextRefresher - [registerNacosListener,141] - [Nacos Config] Listening config: dataId=ruoyi-auth.yml, group=DEFAULT_GROUP
10:11:08.224 [main] INFO  c.a.c.n.r.NacosContextRefresher - [registerNacosListener,141] - [Nacos Config] Listening config: dataId=ruoyi-auth-dev.yml, group=DEFAULT_GROUP
10:11:08.225 [main] INFO  c.a.c.n.r.NacosContextRefresher - [registerNacosListener,141] - [Nacos Config] Listening config: dataId=ruoyi-auth, group=DEFAULT_GROUP
10:11:47.112 [http-nio-9200-exec-1] INFO  o.a.c.c.C.[.[.[/] - [log,173] - Initializing Spring DispatcherServlet 'dispatcherServlet'
13:48:53.419 [lettuce-eventExecutorLoop-1-7] INFO  i.l.c.p.ConnectionWatchdog - [log,171] - Reconnecting, last destination was /124.71.0.29:6379
13:48:53.562 [lettuce-nioEventLoop-4-3] INFO  i.l.c.p.ReconnectionHandler - [lambda$null$3,174] - Reconnected to 124.71.0.29/<unresolved>:6379
14:27:04.082 [SpringApplicationShutdownHook] INFO  c.a.c.n.r.NacosServiceRegistry - [deregister,95] - De-registering from Nacos Server now...
14:27:04.112 [SpringApplicationShutdownHook] INFO  c.a.c.n.r.NacosServiceRegistry - [deregister,115] - De-registration finished.
14:27:36.245 [main] INFO  c.a.n.c.e.SearchableProperties - [sortPropertySourceDefaultOrder,197] - properties search order:PROPERTIES->JVM->ENV->DEFAULT_SETTING
14:27:36.394 [background-preinit] INFO  o.h.v.i.util.Version - [<clinit>,21] - HV000001: Hibernate Validator 6.2.5.Final
14:27:47.582 [main] INFO  c.a.n.p.a.s.c.ClientAuthPluginManager - [init,56] - [ClientAuthPluginManager] Load ClientAuthService com.alibaba.nacos.client.auth.impl.NacosClientAuthServiceImpl success.
14:27:47.582 [main] INFO  c.a.n.p.a.s.c.ClientAuthPluginManager - [init,56] - [ClientAuthPluginManager] Load ClientAuthService com.alibaba.nacos.client.auth.ram.RamClientAuthServiceImpl success.
14:27:53.948 [main] INFO  c.r.a.RuoYiAuthApplication - [logStartupProfileInfo,638] - The following 1 profile is active: "dev"
14:27:55.866 [main] INFO  o.a.c.h.Http11NioProtocol - [log,173] - Initializing ProtocolHandler ["http-nio-9200"]
14:27:55.870 [main] INFO  o.a.c.c.StandardService - [log,173] - Starting service [Tomcat]
14:27:55.870 [main] INFO  o.a.c.c.StandardEngine - [log,173] - Starting Servlet engine: [Apache Tomcat/9.0.96]
14:27:56.030 [main] INFO  o.a.c.c.C.[.[.[/] - [log,173] - Initializing Spring embedded WebApplicationContext
14:27:57.376 [main] INFO  c.a.c.s.SentinelWebMvcConfigurer - [addInterceptors,52] - [Sentinel Starter] register SentinelWebInterceptor with urlPatterns: [/**].
14:27:59.154 [main] INFO  o.a.c.h.Http11NioProtocol - [log,173] - Starting ProtocolHandler ["http-nio-9200"]
14:27:59.197 [main] INFO  c.a.n.p.a.s.c.ClientAuthPluginManager - [init,56] - [ClientAuthPluginManager] Load ClientAuthService com.alibaba.nacos.client.auth.impl.NacosClientAuthServiceImpl success.
14:27:59.197 [main] INFO  c.a.n.p.a.s.c.ClientAuthPluginManager - [init,56] - [ClientAuthPluginManager] Load ClientAuthService com.alibaba.nacos.client.auth.ram.RamClientAuthServiceImpl success.
14:27:59.359 [main] INFO  c.a.c.n.r.NacosServiceRegistry - [register,76] - nacos registry, DEFAULT_GROUP ruoyi-auth 172.20.10.9:9200 register finished
14:27:59.380 [main] INFO  c.r.a.RuoYiAuthApplication - [logStarted,61] - Started RuoYiAuthApplication in 34.394 seconds (JVM running for 41.286)
14:27:59.403 [main] INFO  c.a.c.n.r.NacosContextRefresher - [registerNacosListener,141] - [Nacos Config] Listening config: dataId=ruoyi-auth.yml, group=DEFAULT_GROUP
14:27:59.406 [main] INFO  c.a.c.n.r.NacosContextRefresher - [registerNacosListener,141] - [Nacos Config] Listening config: dataId=ruoyi-auth-dev.yml, group=DEFAULT_GROUP
14:27:59.407 [main] INFO  c.a.c.n.r.NacosContextRefresher - [registerNacosListener,141] - [Nacos Config] Listening config: dataId=ruoyi-auth, group=DEFAULT_GROUP
14:27:59.622 [RMI TCP Connection(11)-172.20.10.9] INFO  o.a.c.c.C.[.[.[/] - [log,173] - Initializing Spring DispatcherServlet 'dispatcherServlet'
16:18:29.059 [main] INFO  c.a.n.c.e.SearchableProperties - [sortPropertySourceDefaultOrder,197] - properties search order:PROPERTIES->JVM->ENV->DEFAULT_SETTING
16:18:29.123 [background-preinit] INFO  o.h.v.i.util.Version - [<clinit>,21] - HV000001: Hibernate Validator 6.2.5.Final
16:18:39.695 [main] INFO  c.a.n.p.a.s.c.ClientAuthPluginManager - [init,56] - [ClientAuthPluginManager] Load ClientAuthService com.alibaba.nacos.client.auth.impl.NacosClientAuthServiceImpl success.
16:18:39.696 [main] INFO  c.a.n.p.a.s.c.ClientAuthPluginManager - [init,56] - [ClientAuthPluginManager] Load ClientAuthService com.alibaba.nacos.client.auth.ram.RamClientAuthServiceImpl success.
16:18:46.260 [main] INFO  c.r.a.RuoYiAuthApplication - [logStartupProfileInfo,638] - The following 1 profile is active: "dev"
16:18:50.820 [main] INFO  o.a.c.h.Http11NioProtocol - [log,173] - Initializing ProtocolHandler ["http-nio-9200"]
16:18:50.832 [main] INFO  o.a.c.c.StandardService - [log,173] - Starting service [Tomcat]
16:18:50.832 [main] INFO  o.a.c.c.StandardEngine - [log,173] - Starting Servlet engine: [Apache Tomcat/9.0.96]
16:18:51.183 [main] INFO  o.a.c.c.C.[.[.[/] - [log,173] - Initializing Spring embedded WebApplicationContext
16:18:53.811 [main] INFO  c.a.c.s.SentinelWebMvcConfigurer - [addInterceptors,52] - [Sentinel Starter] register SentinelWebInterceptor with urlPatterns: [/**].
16:18:55.045 [main] INFO  o.a.c.h.Http11NioProtocol - [log,173] - Starting ProtocolHandler ["http-nio-9200"]
16:18:55.080 [main] INFO  o.a.c.h.Http11NioProtocol - [log,173] - Pausing ProtocolHandler ["http-nio-9200"]
16:18:55.081 [main] INFO  o.a.c.c.StandardService - [log,173] - Stopping service [Tomcat]
16:18:55.088 [main] INFO  o.a.c.h.Http11NioProtocol - [log,173] - Stopping ProtocolHandler ["http-nio-9200"]
16:18:55.089 [main] INFO  o.a.c.h.Http11NioProtocol - [log,173] - Destroying ProtocolHandler ["http-nio-9200"]
16:23:59.577 [SpringApplicationShutdownHook] INFO  c.a.c.n.r.NacosServiceRegistry - [deregister,95] - De-registering from Nacos Server now...
16:23:59.906 [SpringApplicationShutdownHook] INFO  c.a.c.n.r.NacosServiceRegistry - [deregister,115] - De-registration finished.
16:31:32.896 [main] INFO  c.a.n.c.e.SearchableProperties - [sortPropertySourceDefaultOrder,197] - properties search order:PROPERTIES->JVM->ENV->DEFAULT_SETTING
16:31:32.993 [background-preinit] INFO  o.h.v.i.util.Version - [<clinit>,21] - HV000001: Hibernate Validator 6.2.5.Final
16:31:43.785 [main] INFO  c.a.n.p.a.s.c.ClientAuthPluginManager - [init,56] - [ClientAuthPluginManager] Load ClientAuthService com.alibaba.nacos.client.auth.impl.NacosClientAuthServiceImpl success.
16:31:43.785 [main] INFO  c.a.n.p.a.s.c.ClientAuthPluginManager - [init,56] - [ClientAuthPluginManager] Load ClientAuthService com.alibaba.nacos.client.auth.ram.RamClientAuthServiceImpl success.
16:31:51.045 [main] INFO  c.r.a.RuoYiAuthApplication - [logStartupProfileInfo,638] - The following 1 profile is active: "dev"
16:31:54.983 [main] INFO  o.a.c.h.Http11NioProtocol - [log,173] - Initializing ProtocolHandler ["http-nio-9200"]
16:31:54.993 [main] INFO  o.a.c.c.StandardService - [log,173] - Starting service [Tomcat]
16:31:54.993 [main] INFO  o.a.c.c.StandardEngine - [log,173] - Starting Servlet engine: [Apache Tomcat/9.0.96]
16:31:55.377 [main] INFO  o.a.c.c.C.[.[.[/] - [log,173] - Initializing Spring embedded WebApplicationContext
16:31:57.139 [main] INFO  c.a.c.s.SentinelWebMvcConfigurer - [addInterceptors,52] - [Sentinel Starter] register SentinelWebInterceptor with urlPatterns: [/**].
16:31:58.510 [main] INFO  o.a.c.h.Http11NioProtocol - [log,173] - Starting ProtocolHandler ["http-nio-9200"]
16:31:58.572 [main] INFO  c.a.n.p.a.s.c.ClientAuthPluginManager - [init,56] - [ClientAuthPluginManager] Load ClientAuthService com.alibaba.nacos.client.auth.impl.NacosClientAuthServiceImpl success.
16:31:58.572 [main] INFO  c.a.n.p.a.s.c.ClientAuthPluginManager - [init,56] - [ClientAuthPluginManager] Load ClientAuthService com.alibaba.nacos.client.auth.ram.RamClientAuthServiceImpl success.
16:31:59.311 [main] INFO  o.a.c.h.Http11NioProtocol - [log,173] - Pausing ProtocolHandler ["http-nio-9200"]
16:31:59.312 [main] INFO  o.a.c.c.StandardService - [log,173] - Stopping service [Tomcat]
16:31:59.318 [main] INFO  o.a.c.h.Http11NioProtocol - [log,173] - Stopping ProtocolHandler ["http-nio-9200"]
16:31:59.323 [main] INFO  o.a.c.h.Http11NioProtocol - [log,173] - Destroying ProtocolHandler ["http-nio-9200"]
17:13:15.539 [main] INFO  c.a.n.c.e.SearchableProperties - [sortPropertySourceDefaultOrder,197] - properties search order:PROPERTIES->JVM->ENV->DEFAULT_SETTING
17:13:15.647 [background-preinit] INFO  o.h.v.i.util.Version - [<clinit>,21] - HV000001: Hibernate Validator 6.2.5.Final
17:13:26.756 [main] INFO  c.a.n.p.a.s.c.ClientAuthPluginManager - [init,56] - [ClientAuthPluginManager] Load ClientAuthService com.alibaba.nacos.client.auth.impl.NacosClientAuthServiceImpl success.
17:13:26.757 [main] INFO  c.a.n.p.a.s.c.ClientAuthPluginManager - [init,56] - [ClientAuthPluginManager] Load ClientAuthService com.alibaba.nacos.client.auth.ram.RamClientAuthServiceImpl success.
17:13:33.565 [main] INFO  c.r.a.RuoYiAuthApplication - [logStartupProfileInfo,638] - The following 1 profile is active: "dev"
17:13:39.064 [main] INFO  o.a.c.h.Http11NioProtocol - [log,173] - Initializing ProtocolHandler ["http-nio-9200"]
17:13:39.074 [main] INFO  o.a.c.c.StandardService - [log,173] - Starting service [Tomcat]
17:13:39.075 [main] INFO  o.a.c.c.StandardEngine - [log,173] - Starting Servlet engine: [Apache Tomcat/9.0.96]
17:13:39.351 [main] INFO  o.a.c.c.C.[.[.[/] - [log,173] - Initializing Spring embedded WebApplicationContext
17:13:41.065 [main] INFO  c.a.c.s.SentinelWebMvcConfigurer - [addInterceptors,52] - [Sentinel Starter] register SentinelWebInterceptor with urlPatterns: [/**].
17:13:42.477 [main] INFO  o.a.c.h.Http11NioProtocol - [log,173] - Starting ProtocolHandler ["http-nio-9200"]
17:13:42.509 [main] INFO  c.a.n.p.a.s.c.ClientAuthPluginManager - [init,56] - [ClientAuthPluginManager] Load ClientAuthService com.alibaba.nacos.client.auth.impl.NacosClientAuthServiceImpl success.
17:13:42.509 [main] INFO  c.a.n.p.a.s.c.ClientAuthPluginManager - [init,56] - [ClientAuthPluginManager] Load ClientAuthService com.alibaba.nacos.client.auth.ram.RamClientAuthServiceImpl success.
17:13:42.653 [main] INFO  c.a.c.n.r.NacosServiceRegistry - [register,76] - nacos registry, DEFAULT_GROUP ruoyi-auth 192.168.1.196:9200 register finished
17:13:42.676 [main] INFO  c.r.a.RuoYiAuthApplication - [logStarted,61] - Started RuoYiAuthApplication in 37.791 seconds (JVM running for 45.048)
17:13:42.699 [main] INFO  c.a.c.n.r.NacosContextRefresher - [registerNacosListener,141] - [Nacos Config] Listening config: dataId=ruoyi-auth.yml, group=DEFAULT_GROUP
17:13:42.700 [main] INFO  c.a.c.n.r.NacosContextRefresher - [registerNacosListener,141] - [Nacos Config] Listening config: dataId=ruoyi-auth-dev.yml, group=DEFAULT_GROUP
17:13:42.701 [main] INFO  c.a.c.n.r.NacosContextRefresher - [registerNacosListener,141] - [Nacos Config] Listening config: dataId=ruoyi-auth, group=DEFAULT_GROUP
17:13:43.144 [RMI TCP Connection(9)-192.168.1.196] INFO  o.a.c.c.C.[.[.[/] - [log,173] - Initializing Spring DispatcherServlet 'dispatcherServlet'
