00:28:54.644 [main] INFO  c.a.n.c.e.SearchableProperties - [sortPropertySourceDefaultOrder,197] - properties search order:PROPERTIES->JVM->ENV->DEFAULT_SETTING
00:28:54.693 [background-preinit] INFO  o.h.v.i.util.Version - [<clinit>,21] - HV000001: Hibernate Validator 6.2.5.Final
00:28:55.114 [main] INFO  c.a.n.p.a.s.c.ClientAuthPluginManager - [init,56] - [ClientAuthPluginManager] Load ClientAuthService com.alibaba.nacos.client.auth.impl.NacosClientAuthServiceImpl success.
00:28:55.114 [main] INFO  c.a.n.p.a.s.c.ClientAuthPluginManager - [init,56] - [ClientAuthPluginManager] Load ClientAuthService com.alibaba.nacos.client.auth.ram.RamClientAuthServiceImpl success.
00:28:55.805 [main] INFO  c.r.s.RuoYiSystemApplication - [logStartupProfileInfo,638] - The following 1 profile is active: "dev"
00:28:57.905 [main] INFO  o.a.c.h.Http11NioProtocol - [log,173] - Initializing ProtocolHandler ["http-nio-9201"]
00:28:57.908 [main] INFO  o.a.c.c.StandardService - [log,173] - Starting service [Tomcat]
00:28:57.909 [main] INFO  o.a.c.c.StandardEngine - [log,173] - Starting Servlet engine: [Apache Tomcat/9.0.96]
00:28:58.039 [main] INFO  o.a.c.c.C.[.[.[/] - [log,173] - Initializing Spring embedded WebApplicationContext
00:29:02.815 [main] INFO  c.a.d.p.DruidDataSource - [init,1002] - {dataSource-1,master} inited
00:29:02.817 [main] INFO  c.b.d.d.DynamicRoutingDataSource - [addDataSource,158] - dynamic-datasource - add a datasource named [master] success
00:29:02.818 [main] INFO  c.b.d.d.DynamicRoutingDataSource - [afterPropertiesSet,241] - dynamic-datasource initial loaded [1] datasource,primary datasource named [master]
00:29:06.908 [main] INFO  c.a.c.s.SentinelWebMvcConfigurer - [addInterceptors,52] - [Sentinel Starter] register SentinelWebInterceptor with urlPatterns: [/**].
00:29:08.793 [main] INFO  o.a.c.h.Http11NioProtocol - [log,173] - Starting ProtocolHandler ["http-nio-9201"]
00:29:08.822 [main] INFO  c.a.n.p.a.s.c.ClientAuthPluginManager - [init,56] - [ClientAuthPluginManager] Load ClientAuthService com.alibaba.nacos.client.auth.impl.NacosClientAuthServiceImpl success.
00:29:08.822 [main] INFO  c.a.n.p.a.s.c.ClientAuthPluginManager - [init,56] - [ClientAuthPluginManager] Load ClientAuthService com.alibaba.nacos.client.auth.ram.RamClientAuthServiceImpl success.
00:29:08.956 [main] INFO  c.a.c.n.r.NacosServiceRegistry - [register,76] - nacos registry, DEFAULT_GROUP ruoyi-system 172.20.10.9:9201 register finished
00:29:08.980 [main] INFO  c.r.s.RuoYiSystemApplication - [logStarted,61] - Started RuoYiSystemApplication in 14.635 seconds (JVM running for 20.743)
00:29:08.997 [main] INFO  c.a.c.n.r.NacosContextRefresher - [registerNacosListener,141] - [Nacos Config] Listening config: dataId=ruoyi-system, group=DEFAULT_GROUP
00:29:08.997 [main] INFO  c.a.c.n.r.NacosContextRefresher - [registerNacosListener,141] - [Nacos Config] Listening config: dataId=ruoyi-system.yml, group=DEFAULT_GROUP
00:29:08.999 [main] INFO  c.a.c.n.r.NacosContextRefresher - [registerNacosListener,141] - [Nacos Config] Listening config: dataId=ruoyi-system-dev.yml, group=DEFAULT_GROUP
00:29:17.979 [http-nio-9201-exec-1] INFO  o.a.c.c.C.[.[.[/] - [log,173] - Initializing Spring DispatcherServlet 'dispatcherServlet'
00:32:07.347 [SpringApplicationShutdownHook] INFO  c.a.c.n.r.NacosServiceRegistry - [deregister,95] - De-registering from Nacos Server now...
00:32:07.351 [SpringApplicationShutdownHook] INFO  c.a.c.n.r.NacosServiceRegistry - [deregister,115] - De-registration finished.
00:32:07.489 [SpringApplicationShutdownHook] INFO  c.b.d.d.DynamicRoutingDataSource - [destroy,215] - dynamic-datasource start closing ....
00:32:07.492 [SpringApplicationShutdownHook] INFO  c.a.d.p.DruidDataSource - [close,2204] - {dataSource-1} closing ...
00:32:07.895 [SpringApplicationShutdownHook] INFO  c.a.d.p.DruidDataSource - [close,2277] - {dataSource-1} closed
00:32:07.896 [SpringApplicationShutdownHook] INFO  c.b.d.d.d.DefaultDataSourceDestroyer - [destroy,98] - dynamic-datasource close the datasource named [master] success,
00:32:07.896 [SpringApplicationShutdownHook] INFO  c.b.d.d.DynamicRoutingDataSource - [destroy,219] - dynamic-datasource all closed success,bye
10:11:53.534 [main] INFO  c.a.n.c.e.SearchableProperties - [sortPropertySourceDefaultOrder,197] - properties search order:PROPERTIES->JVM->ENV->DEFAULT_SETTING
10:11:53.593 [background-preinit] INFO  o.h.v.i.util.Version - [<clinit>,21] - HV000001: Hibernate Validator 6.2.5.Final
10:11:54.170 [main] INFO  c.a.n.p.a.s.c.ClientAuthPluginManager - [init,56] - [ClientAuthPluginManager] Load ClientAuthService com.alibaba.nacos.client.auth.impl.NacosClientAuthServiceImpl success.
10:11:54.171 [main] INFO  c.a.n.p.a.s.c.ClientAuthPluginManager - [init,56] - [ClientAuthPluginManager] Load ClientAuthService com.alibaba.nacos.client.auth.ram.RamClientAuthServiceImpl success.
10:11:55.282 [main] INFO  c.r.s.RuoYiSystemApplication - [logStartupProfileInfo,638] - The following 1 profile is active: "dev"
10:12:00.372 [main] INFO  o.a.c.h.Http11NioProtocol - [log,173] - Initializing ProtocolHandler ["http-nio-9201"]
10:12:00.383 [main] INFO  o.a.c.c.StandardService - [log,173] - Starting service [Tomcat]
10:12:00.384 [main] INFO  o.a.c.c.StandardEngine - [log,173] - Starting Servlet engine: [Apache Tomcat/9.0.96]
10:12:00.638 [main] INFO  o.a.c.c.C.[.[.[/] - [log,173] - Initializing Spring embedded WebApplicationContext
10:12:07.951 [main] INFO  c.a.d.p.DruidDataSource - [init,1002] - {dataSource-1,master} inited
10:12:07.953 [main] INFO  c.b.d.d.DynamicRoutingDataSource - [addDataSource,158] - dynamic-datasource - add a datasource named [master] success
10:12:07.954 [main] INFO  c.b.d.d.DynamicRoutingDataSource - [afterPropertiesSet,241] - dynamic-datasource initial loaded [1] datasource,primary datasource named [master]
10:12:12.410 [main] INFO  c.a.c.s.SentinelWebMvcConfigurer - [addInterceptors,52] - [Sentinel Starter] register SentinelWebInterceptor with urlPatterns: [/**].
10:12:14.789 [main] INFO  o.a.c.h.Http11NioProtocol - [log,173] - Starting ProtocolHandler ["http-nio-9201"]
10:12:14.847 [main] INFO  c.a.n.p.a.s.c.ClientAuthPluginManager - [init,56] - [ClientAuthPluginManager] Load ClientAuthService com.alibaba.nacos.client.auth.impl.NacosClientAuthServiceImpl success.
10:12:14.847 [main] INFO  c.a.n.p.a.s.c.ClientAuthPluginManager - [init,56] - [ClientAuthPluginManager] Load ClientAuthService com.alibaba.nacos.client.auth.ram.RamClientAuthServiceImpl success.
10:12:14.993 [main] INFO  c.a.c.n.r.NacosServiceRegistry - [register,76] - nacos registry, DEFAULT_GROUP ruoyi-system 192.168.1.196:9201 register finished
10:12:15.023 [main] INFO  c.r.s.RuoYiSystemApplication - [logStarted,61] - Started RuoYiSystemApplication in 21.904 seconds (JVM running for 28.52)
10:12:15.048 [main] INFO  c.a.c.n.r.NacosContextRefresher - [registerNacosListener,141] - [Nacos Config] Listening config: dataId=ruoyi-system, group=DEFAULT_GROUP
10:12:15.049 [main] INFO  c.a.c.n.r.NacosContextRefresher - [registerNacosListener,141] - [Nacos Config] Listening config: dataId=ruoyi-system.yml, group=DEFAULT_GROUP
10:12:15.054 [main] INFO  c.a.c.n.r.NacosContextRefresher - [registerNacosListener,141] - [Nacos Config] Listening config: dataId=ruoyi-system-dev.yml, group=DEFAULT_GROUP
10:12:17.075 [http-nio-9201-exec-2] INFO  o.a.c.c.C.[.[.[/] - [log,173] - Initializing Spring DispatcherServlet 'dispatcherServlet'
13:47:30.895 [lettuce-eventExecutorLoop-1-6] INFO  i.l.c.p.ConnectionWatchdog - [log,171] - Reconnecting, last destination was /124.71.0.29:6379
13:47:31.020 [lettuce-nioEventLoop-4-3] INFO  i.l.c.p.ReconnectionHandler - [lambda$null$3,174] - Reconnected to 124.71.0.29/<unresolved>:6379
14:27:05.013 [SpringApplicationShutdownHook] INFO  c.a.c.n.r.NacosServiceRegistry - [deregister,95] - De-registering from Nacos Server now...
14:27:05.026 [SpringApplicationShutdownHook] INFO  c.a.c.n.r.NacosServiceRegistry - [deregister,115] - De-registration finished.
14:27:05.233 [SpringApplicationShutdownHook] INFO  c.b.d.d.DynamicRoutingDataSource - [destroy,215] - dynamic-datasource start closing ....
14:27:05.251 [SpringApplicationShutdownHook] INFO  c.a.d.p.DruidDataSource - [close,2204] - {dataSource-1} closing ...
14:27:05.272 [SpringApplicationShutdownHook] INFO  c.a.d.p.DruidDataSource - [close,2277] - {dataSource-1} closed
14:27:05.272 [SpringApplicationShutdownHook] INFO  c.b.d.d.d.DefaultDataSourceDestroyer - [destroy,98] - dynamic-datasource close the datasource named [master] success,
14:27:05.274 [SpringApplicationShutdownHook] INFO  c.b.d.d.DynamicRoutingDataSource - [destroy,219] - dynamic-datasource all closed success,bye
14:28:54.132 [main] INFO  c.a.n.c.e.SearchableProperties - [sortPropertySourceDefaultOrder,197] - properties search order:PROPERTIES->JVM->ENV->DEFAULT_SETTING
14:28:54.203 [background-preinit] INFO  o.h.v.i.util.Version - [<clinit>,21] - HV000001: Hibernate Validator 6.2.5.Final
14:29:05.395 [main] INFO  c.a.n.p.a.s.c.ClientAuthPluginManager - [init,56] - [ClientAuthPluginManager] Load ClientAuthService com.alibaba.nacos.client.auth.impl.NacosClientAuthServiceImpl success.
14:29:05.396 [main] INFO  c.a.n.p.a.s.c.ClientAuthPluginManager - [init,56] - [ClientAuthPluginManager] Load ClientAuthService com.alibaba.nacos.client.auth.ram.RamClientAuthServiceImpl success.
14:29:11.276 [main] INFO  c.r.s.RuoYiSystemApplication - [logStartupProfileInfo,638] - The following 1 profile is active: "dev"
14:29:13.801 [main] INFO  o.a.c.h.Http11NioProtocol - [log,173] - Initializing ProtocolHandler ["http-nio-9201"]
14:29:13.809 [main] INFO  o.a.c.c.StandardService - [log,173] - Starting service [Tomcat]
14:29:13.809 [main] INFO  o.a.c.c.StandardEngine - [log,173] - Starting Servlet engine: [Apache Tomcat/9.0.96]
14:29:14.056 [main] INFO  o.a.c.c.C.[.[.[/] - [log,173] - Initializing Spring embedded WebApplicationContext
14:29:17.297 [main] INFO  c.a.d.p.DruidDataSource - [init,1002] - {dataSource-1,master} inited
14:29:17.298 [main] INFO  c.b.d.d.DynamicRoutingDataSource - [addDataSource,158] - dynamic-datasource - add a datasource named [master] success
14:29:17.299 [main] INFO  c.b.d.d.DynamicRoutingDataSource - [afterPropertiesSet,241] - dynamic-datasource initial loaded [1] datasource,primary datasource named [master]
14:29:26.385 [main] INFO  c.a.c.s.SentinelWebMvcConfigurer - [addInterceptors,52] - [Sentinel Starter] register SentinelWebInterceptor with urlPatterns: [/**].
14:29:28.503 [main] INFO  o.a.c.h.Http11NioProtocol - [log,173] - Starting ProtocolHandler ["http-nio-9201"]
14:29:28.536 [main] INFO  c.a.n.p.a.s.c.ClientAuthPluginManager - [init,56] - [ClientAuthPluginManager] Load ClientAuthService com.alibaba.nacos.client.auth.impl.NacosClientAuthServiceImpl success.
14:29:28.536 [main] INFO  c.a.n.p.a.s.c.ClientAuthPluginManager - [init,56] - [ClientAuthPluginManager] Load ClientAuthService com.alibaba.nacos.client.auth.ram.RamClientAuthServiceImpl success.
14:29:28.674 [main] INFO  c.a.c.n.r.NacosServiceRegistry - [register,76] - nacos registry, DEFAULT_GROUP ruoyi-system 172.20.10.9:9201 register finished
14:29:28.700 [main] INFO  c.r.s.RuoYiSystemApplication - [logStarted,61] - Started RuoYiSystemApplication in 45.184 seconds (JVM running for 51.545)
14:29:28.718 [main] INFO  c.a.c.n.r.NacosContextRefresher - [registerNacosListener,141] - [Nacos Config] Listening config: dataId=ruoyi-system, group=DEFAULT_GROUP
14:29:28.718 [main] INFO  c.a.c.n.r.NacosContextRefresher - [registerNacosListener,141] - [Nacos Config] Listening config: dataId=ruoyi-system.yml, group=DEFAULT_GROUP
14:29:28.720 [main] INFO  c.a.c.n.r.NacosContextRefresher - [registerNacosListener,141] - [Nacos Config] Listening config: dataId=ruoyi-system-dev.yml, group=DEFAULT_GROUP
14:29:29.138 [RMI TCP Connection(1)-172.20.10.9] INFO  o.a.c.c.C.[.[.[/] - [log,173] - Initializing Spring DispatcherServlet 'dispatcherServlet'
16:19:00.743 [main] INFO  c.a.n.c.e.SearchableProperties - [sortPropertySourceDefaultOrder,197] - properties search order:PROPERTIES->JVM->ENV->DEFAULT_SETTING
16:19:00.858 [background-preinit] INFO  o.h.v.i.util.Version - [<clinit>,21] - HV000001: Hibernate Validator 6.2.5.Final
16:19:12.311 [main] INFO  c.a.n.p.a.s.c.ClientAuthPluginManager - [init,56] - [ClientAuthPluginManager] Load ClientAuthService com.alibaba.nacos.client.auth.impl.NacosClientAuthServiceImpl success.
16:19:12.312 [main] INFO  c.a.n.p.a.s.c.ClientAuthPluginManager - [init,56] - [ClientAuthPluginManager] Load ClientAuthService com.alibaba.nacos.client.auth.ram.RamClientAuthServiceImpl success.
16:19:19.634 [main] INFO  c.r.s.RuoYiSystemApplication - [logStartupProfileInfo,638] - The following 1 profile is active: "dev"
16:19:25.003 [main] INFO  o.a.c.h.Http11NioProtocol - [log,173] - Initializing ProtocolHandler ["http-nio-9201"]
16:19:25.018 [main] INFO  o.a.c.c.StandardService - [log,173] - Starting service [Tomcat]
16:19:25.020 [main] INFO  o.a.c.c.StandardEngine - [log,173] - Starting Servlet engine: [Apache Tomcat/9.0.96]
16:19:25.679 [main] INFO  o.a.c.c.C.[.[.[/] - [log,173] - Initializing Spring embedded WebApplicationContext
16:19:30.445 [main] INFO  c.a.d.p.DruidDataSource - [init,1002] - {dataSource-1,master} inited
16:19:30.446 [main] INFO  c.b.d.d.DynamicRoutingDataSource - [addDataSource,158] - dynamic-datasource - add a datasource named [master] success
16:19:30.446 [main] INFO  c.b.d.d.DynamicRoutingDataSource - [afterPropertiesSet,241] - dynamic-datasource initial loaded [1] datasource,primary datasource named [master]
16:19:39.867 [main] INFO  c.a.c.s.SentinelWebMvcConfigurer - [addInterceptors,52] - [Sentinel Starter] register SentinelWebInterceptor with urlPatterns: [/**].
16:19:42.045 [main] INFO  c.b.d.d.DynamicRoutingDataSource - [destroy,215] - dynamic-datasource start closing ....
16:19:42.048 [main] INFO  c.a.d.p.DruidDataSource - [close,2204] - {dataSource-1} closing ...
16:19:42.240 [main] INFO  c.a.d.p.DruidDataSource - [close,2277] - {dataSource-1} closed
16:19:42.241 [main] INFO  c.b.d.d.d.DefaultDataSourceDestroyer - [destroy,98] - dynamic-datasource close the datasource named [master] success,
16:19:42.242 [main] INFO  c.b.d.d.DynamicRoutingDataSource - [destroy,219] - dynamic-datasource all closed success,bye
16:23:59.588 [SpringApplicationShutdownHook] INFO  c.a.c.n.r.NacosServiceRegistry - [deregister,95] - De-registering from Nacos Server now...
16:23:59.904 [SpringApplicationShutdownHook] INFO  c.a.c.n.r.NacosServiceRegistry - [deregister,115] - De-registration finished.
16:24:00.068 [SpringApplicationShutdownHook] INFO  c.b.d.d.DynamicRoutingDataSource - [destroy,215] - dynamic-datasource start closing ....
16:24:00.077 [SpringApplicationShutdownHook] INFO  c.a.d.p.DruidDataSource - [close,2204] - {dataSource-1} closing ...
16:32:04.141 [main] INFO  c.a.n.c.e.SearchableProperties - [sortPropertySourceDefaultOrder,197] - properties search order:PROPERTIES->JVM->ENV->DEFAULT_SETTING
16:32:04.220 [background-preinit] INFO  o.h.v.i.util.Version - [<clinit>,21] - HV000001: Hibernate Validator 6.2.5.Final
16:32:15.435 [main] INFO  c.a.n.p.a.s.c.ClientAuthPluginManager - [init,56] - [ClientAuthPluginManager] Load ClientAuthService com.alibaba.nacos.client.auth.impl.NacosClientAuthServiceImpl success.
16:32:15.436 [main] INFO  c.a.n.p.a.s.c.ClientAuthPluginManager - [init,56] - [ClientAuthPluginManager] Load ClientAuthService com.alibaba.nacos.client.auth.ram.RamClientAuthServiceImpl success.
16:32:23.442 [main] INFO  c.r.s.RuoYiSystemApplication - [logStartupProfileInfo,638] - The following 1 profile is active: "dev"
16:32:27.928 [main] INFO  o.a.c.h.Http11NioProtocol - [log,173] - Initializing ProtocolHandler ["http-nio-9201"]
16:32:27.934 [main] INFO  o.a.c.c.StandardService - [log,173] - Starting service [Tomcat]
16:32:27.935 [main] INFO  o.a.c.c.StandardEngine - [log,173] - Starting Servlet engine: [Apache Tomcat/9.0.96]
16:32:28.111 [main] INFO  o.a.c.c.C.[.[.[/] - [log,173] - Initializing Spring embedded WebApplicationContext
16:32:32.832 [main] INFO  c.a.d.p.DruidDataSource - [init,1002] - {dataSource-1,master} inited
16:32:32.835 [main] INFO  c.b.d.d.DynamicRoutingDataSource - [addDataSource,158] - dynamic-datasource - add a datasource named [master] success
16:32:32.836 [main] INFO  c.b.d.d.DynamicRoutingDataSource - [afterPropertiesSet,241] - dynamic-datasource initial loaded [1] datasource,primary datasource named [master]
16:32:42.886 [main] INFO  c.a.c.s.SentinelWebMvcConfigurer - [addInterceptors,52] - [Sentinel Starter] register SentinelWebInterceptor with urlPatterns: [/**].
16:32:46.150 [main] INFO  o.a.c.h.Http11NioProtocol - [log,173] - Starting ProtocolHandler ["http-nio-9201"]
16:32:46.193 [main] INFO  c.a.n.p.a.s.c.ClientAuthPluginManager - [init,56] - [ClientAuthPluginManager] Load ClientAuthService com.alibaba.nacos.client.auth.impl.NacosClientAuthServiceImpl success.
16:32:46.194 [main] INFO  c.a.n.p.a.s.c.ClientAuthPluginManager - [init,56] - [ClientAuthPluginManager] Load ClientAuthService com.alibaba.nacos.client.auth.ram.RamClientAuthServiceImpl success.
16:32:47.050 [main] INFO  c.b.d.d.DynamicRoutingDataSource - [destroy,215] - dynamic-datasource start closing ....
16:32:47.055 [main] INFO  c.a.d.p.DruidDataSource - [close,2204] - {dataSource-1} closing ...
16:32:47.285 [main] INFO  c.a.d.p.DruidDataSource - [close,2277] - {dataSource-1} closed
16:32:47.286 [main] INFO  c.b.d.d.d.DefaultDataSourceDestroyer - [destroy,98] - dynamic-datasource close the datasource named [master] success,
16:32:47.287 [main] INFO  c.b.d.d.DynamicRoutingDataSource - [destroy,219] - dynamic-datasource all closed success,bye
16:32:47.292 [main] INFO  o.a.c.h.Http11NioProtocol - [log,173] - Pausing ProtocolHandler ["http-nio-9201"]
16:32:47.293 [main] INFO  o.a.c.c.StandardService - [log,173] - Stopping service [Tomcat]
16:32:47.300 [main] INFO  o.a.c.h.Http11NioProtocol - [log,173] - Stopping ProtocolHandler ["http-nio-9201"]
16:32:47.304 [main] INFO  o.a.c.h.Http11NioProtocol - [log,173] - Destroying ProtocolHandler ["http-nio-9201"]
17:13:48.323 [main] INFO  c.a.n.c.e.SearchableProperties - [sortPropertySourceDefaultOrder,197] - properties search order:PROPERTIES->JVM->ENV->DEFAULT_SETTING
17:13:48.406 [background-preinit] INFO  o.h.v.i.util.Version - [<clinit>,21] - HV000001: Hibernate Validator 6.2.5.Final
17:14:00.210 [main] INFO  c.a.n.p.a.s.c.ClientAuthPluginManager - [init,56] - [ClientAuthPluginManager] Load ClientAuthService com.alibaba.nacos.client.auth.impl.NacosClientAuthServiceImpl success.
17:14:00.211 [main] INFO  c.a.n.p.a.s.c.ClientAuthPluginManager - [init,56] - [ClientAuthPluginManager] Load ClientAuthService com.alibaba.nacos.client.auth.ram.RamClientAuthServiceImpl success.
17:14:06.426 [main] INFO  c.r.s.RuoYiSystemApplication - [logStartupProfileInfo,638] - The following 1 profile is active: "dev"
17:14:09.758 [main] INFO  o.a.c.h.Http11NioProtocol - [log,173] - Initializing ProtocolHandler ["http-nio-9201"]
17:14:09.765 [main] INFO  o.a.c.c.StandardService - [log,173] - Starting service [Tomcat]
17:14:09.765 [main] INFO  o.a.c.c.StandardEngine - [log,173] - Starting Servlet engine: [Apache Tomcat/9.0.96]
17:14:09.953 [main] INFO  o.a.c.c.C.[.[.[/] - [log,173] - Initializing Spring embedded WebApplicationContext
17:14:14.741 [main] INFO  c.a.d.p.DruidDataSource - [init,1002] - {dataSource-1,master} inited
17:14:14.743 [main] INFO  c.b.d.d.DynamicRoutingDataSource - [addDataSource,158] - dynamic-datasource - add a datasource named [master] success
17:14:14.744 [main] INFO  c.b.d.d.DynamicRoutingDataSource - [afterPropertiesSet,241] - dynamic-datasource initial loaded [1] datasource,primary datasource named [master]
17:14:24.905 [main] INFO  c.a.c.s.SentinelWebMvcConfigurer - [addInterceptors,52] - [Sentinel Starter] register SentinelWebInterceptor with urlPatterns: [/**].
17:14:27.318 [main] INFO  o.a.c.h.Http11NioProtocol - [log,173] - Starting ProtocolHandler ["http-nio-9201"]
17:14:27.351 [main] INFO  c.a.n.p.a.s.c.ClientAuthPluginManager - [init,56] - [ClientAuthPluginManager] Load ClientAuthService com.alibaba.nacos.client.auth.impl.NacosClientAuthServiceImpl success.
17:14:27.351 [main] INFO  c.a.n.p.a.s.c.ClientAuthPluginManager - [init,56] - [ClientAuthPluginManager] Load ClientAuthService com.alibaba.nacos.client.auth.ram.RamClientAuthServiceImpl success.
17:14:27.496 [main] INFO  c.a.c.n.r.NacosServiceRegistry - [register,76] - nacos registry, DEFAULT_GROUP ruoyi-system 192.168.1.196:9201 register finished
17:14:27.520 [main] INFO  c.r.s.RuoYiSystemApplication - [logStarted,61] - Started RuoYiSystemApplication in 50.199 seconds (JVM running for 56.736)
17:14:27.547 [main] INFO  c.a.c.n.r.NacosContextRefresher - [registerNacosListener,141] - [Nacos Config] Listening config: dataId=ruoyi-system, group=DEFAULT_GROUP
17:14:27.548 [main] INFO  c.a.c.n.r.NacosContextRefresher - [registerNacosListener,141] - [Nacos Config] Listening config: dataId=ruoyi-system.yml, group=DEFAULT_GROUP
17:14:27.549 [main] INFO  c.a.c.n.r.NacosContextRefresher - [registerNacosListener,141] - [Nacos Config] Listening config: dataId=ruoyi-system-dev.yml, group=DEFAULT_GROUP
17:14:27.941 [RMI TCP Connection(6)-192.168.1.196] INFO  o.a.c.c.C.[.[.[/] - [log,173] - Initializing Spring DispatcherServlet 'dispatcherServlet'
